Flow report for SatatMachine
Mon Jun 19 09:01:57 2023
Quartus II 64-Bit Version 13.1.0 Build 162 10/23/2013 SJ Full Version


---------------------
; Table of Contents ;
---------------------
  1. Legal Notice
  2. Flow Summary
  3. Flow Settings
  4. Flow Non-Default Global Settings
  5. Flow Elapsed Time
  6. Flow OS Summary
  7. Flow Log
  8. Flow Messages
  9. Flow Suppressed Messages



----------------
; Legal Notice ;
----------------
Copyright (C) 1991-2013 Altera Corporation
Your use of Altera Corporation's design tools, logic functions 
and other software and tools, and its AMPP partner logic 
functions, and any output files from any of the foregoing 
(including device programming or simulation files), and any 
associated documentation or information are expressly subject 
to the terms and conditions of the Altera Program License 
Subscription Agreement, Altera MegaCore Function License 
Agreement, or other applicable license agreement, including, 
without limitation, that your use is for the sole purpose of 
programming logic devices manufactured by Altera and sold by 
Altera or its authorized distributors.  Please refer to the 
applicable agreement for further details.



+----------------------------------------------------------------------------------+
; Flow Summary                                                                     ;
+------------------------------------+---------------------------------------------+
; Flow Status                        ; Successful - Mon Jun 19 09:01:55 2023       ;
; Quartus II 64-Bit Version          ; 13.1.0 Build 162 10/23/2013 SJ Full Version ;
; Revision Name                      ; SatatMachine                                ;
; Top-level Entity Name              ; StateMachine                                ;
; Family                             ; Cyclone IV E                                ;
; Device                             ; EP4CE10F17C8                                ;
; Timing Models                      ; Final                                       ;
; Total logic elements               ; 54 / 10,320 ( < 1 % )                       ;
;     Total combinational functions  ; 52 / 10,320 ( < 1 % )                       ;
;     Dedicated logic registers      ; 35 / 10,320 ( < 1 % )                       ;
; Total registers                    ; 35                                          ;
; Total pins                         ; 10 / 180 ( 6 % )                            ;
; Total virtual pins                 ; 0                                           ;
; Total memory bits                  ; 0 / 423,936 ( 0 % )                         ;
; Embedded Multiplier 9-bit elements ; 0 / 46 ( 0 % )                              ;
; Total PLLs                         ; 0 / 2 ( 0 % )                               ;
+------------------------------------+---------------------------------------------+


+-----------------------------------------+
; Flow Settings                           ;
+-------------------+---------------------+
; Option            ; Setting             ;
+-------------------+---------------------+
; Start date & time ; 06/19/2023 09:01:50 ;
; Main task         ; Compilation         ;
; Revision Name     ; SatatMachine        ;
+-------------------+---------------------+


+-------------------------------------------------------------------------------------------------------------------------+
; Flow Non-Default Global Settings                                                                                        ;
+-------------------------------------+---------------------------------------+---------------+--------------+------------+
; Assignment Name                     ; Value                                 ; Default Value ; Entity Name  ; Section Id ;
+-------------------------------------+---------------------------------------+---------------+--------------+------------+
; COMPILER_SIGNATURE_ID               ; 255638748126182.168713651009384       ; --            ; --           ; --         ;
; ENABLE_SIGNALTAP                    ; On                                    ; --            ; --           ; --         ;
; MAX_CORE_JUNCTION_TEMP              ; 85                                    ; --            ; --           ; --         ;
; MIN_CORE_JUNCTION_TEMP              ; 0                                     ; --            ; --           ; --         ;
; NOMINAL_CORE_SUPPLY_VOLTAGE         ; 1.2V                                  ; --            ; --           ; --         ;
; PARTITION_COLOR                     ; 16764057                              ; --            ; StateMachine ; Top        ;
; PARTITION_FITTER_PRESERVATION_LEVEL ; PLACEMENT_AND_ROUTING                 ; --            ; StateMachine ; Top        ;
; PARTITION_NETLIST_TYPE              ; SOURCE                                ; --            ; StateMachine ; Top        ;
; POWER_BOARD_THERMAL_MODEL           ; None (CONSERVATIVE)                   ; --            ; --           ; --         ;
; POWER_PRESET_COOLING_SOLUTION       ; 23 MM HEAT SINK WITH 200 LFPM AIRFLOW ; --            ; --           ; --         ;
; PROJECT_OUTPUT_DIRECTORY            ; output_files                          ; --            ; --           ; --         ;
; TOP_LEVEL_ENTITY                    ; StateMachine                          ; SatatMachine  ; --           ; --         ;
; USE_SIGNALTAP_FILE                  ; stp1.stp                              ; --            ; --           ; --         ;
+-------------------------------------+---------------------------------------+---------------+--------------+------------+


+-------------------------------------------------------------------------------------------------------------------------------+
; Flow Elapsed Time                                                                                                             ;
+---------------------------+--------------+-------------------------+---------------------+------------------------------------+
; Module Name               ; Elapsed Time ; Average Processors Used ; Peak Virtual Memory ; Total CPU Time (on all processors) ;
+---------------------------+--------------+-------------------------+---------------------+------------------------------------+
; Analysis & Synthesis      ; 00:00:00     ; 1.0                     ; 4663 MB             ; 00:00:00                           ;
; Fitter                    ; 00:00:03     ; 1.0                     ; 6135 MB             ; 00:00:01                           ;
; Assembler                 ; 00:00:00     ; 1.0                     ; 4579 MB             ; 00:00:00                           ;
; TimeQuest Timing Analyzer ; 00:00:01     ; 1.0                     ; 4812 MB             ; 00:00:00                           ;
; Total                     ; 00:00:04     ; --                      ; --                  ; 00:00:01                           ;
+---------------------------+--------------+-------------------------+---------------------+------------------------------------+


+----------------------------------------------------------------------------------------+
; Flow OS Summary                                                                        ;
+---------------------------+------------------+-----------+------------+----------------+
; Module Name               ; Machine Hostname ; OS Name   ; OS Version ; Processor type ;
+---------------------------+------------------+-----------+------------+----------------+
; Analysis & Synthesis      ; LAPTOP-3B2M414N  ; Windows 7 ; 6.2        ; x86_64         ;
; Fitter                    ; LAPTOP-3B2M414N  ; Windows 7 ; 6.2        ; x86_64         ;
; Assembler                 ; LAPTOP-3B2M414N  ; Windows 7 ; 6.2        ; x86_64         ;
; TimeQuest Timing Analyzer ; LAPTOP-3B2M414N  ; Windows 7 ; 6.2        ; x86_64         ;
+---------------------------+------------------+-----------+------------+----------------+


------------
; Flow Log ;
------------
quartus_map --read_settings_files=on --write_settings_files=off SatatMachine -c SatatMachine
quartus_fit --read_settings_files=off --write_settings_files=off SatatMachine -c SatatMachine
quartus_asm --read_settings_files=off --write_settings_files=off SatatMachine -c SatatMachine
quartus_sta SatatMachine -c SatatMachine



